2026-04-02 16:28:41  INFO: Operating system name: Linux version: 6.6.87.2-microsoft-standard-WSL2 architecture: amd64
2026-04-02 16:28:41  INFO: Java runtime name: OpenJDK 64-Bit Server VM vendor: Eclipse Adoptium version: 21.0.10+7-LTS
2026-04-02 16:28:41  INFO: Memory limit heap: 964mb non-heap: 0mb
2026-04-02 16:28:41  INFO: Character encoding: UTF-8
2026-04-02 16:28:41  INFO: Version: 6.12.2
2026-04-02 16:28:41  INFO: Starting server...
2026-04-02 16:28:42  INFO: HikariPool-1 - Starting...
2026-04-02 16:28:43  INFO: HikariPool-1 - Added connection conn0: url=jdbc:h2:./data/database user=SA
2026-04-02 16:28:43  INFO: HikariPool-1 - Start completed.
2026-04-02 16:28:43  INFO: Set default schema name to PUBLIC
2026-04-02 16:28:43  INFO: Creating snapshot
2026-04-02 16:28:44  INFO: Successfully acquired change log lock
2026-04-02 16:28:44  INFO: Creating database changelog table with name: PUBLIC.DATABASECHANGELOG
2026-04-02 16:28:44  INFO: Clearing database change log checksums for database h2
2026-04-02 16:28:44  INFO: Successfully released change log lock
2026-04-02 16:28:44  INFO: Command execution complete
2026-04-02 16:28:45  INFO: Reading from PUBLIC.DATABASECHANGELOG
2026-04-02 16:28:47  INFO: Successfully acquired change log lock
2026-04-02 16:28:47  INFO: Using deploymentId: 5147323202
2026-04-02 16:28:47  INFO: Reading from PUBLIC.DATABASECHANGELOG
2026-04-02 16:28:48  INFO: Table tc_attributes created
2026-04-02 16:28:48  INFO: Table tc_calendars created
2026-04-02 16:28:48  INFO: Table tc_commands created
2026-04-02 16:28:48  INFO: Table tc_device_attribute created
2026-04-02 16:28:48  INFO: Table tc_device_command created
2026-04-02 16:28:48  INFO: Table tc_device_driver created
2026-04-02 16:28:48  INFO: Table tc_device_geofence created
2026-04-02 16:28:48  INFO: Table tc_device_maintenance created
2026-04-02 16:28:48  INFO: Table tc_device_notification created
2026-04-02 16:28:48  INFO: Table tc_devices created
2026-04-02 16:28:48  INFO: Table tc_drivers created
2026-04-02 16:28:48  INFO: Table tc_events created
2026-04-02 16:28:48  INFO: Table tc_geofences created
2026-04-02 16:28:48  INFO: Table tc_group_attribute created
2026-04-02 16:28:48  INFO: Table tc_group_command created
2026-04-02 16:28:48  INFO: Table tc_group_driver created
2026-04-02 16:28:48  INFO: Table tc_group_geofence created
2026-04-02 16:28:48  INFO: Table tc_group_maintenance created
2026-04-02 16:28:48  INFO: Table tc_group_notification created
2026-04-02 16:28:48  INFO: Table tc_groups created
2026-04-02 16:28:48  INFO: Table tc_maintenances created
2026-04-02 16:28:48  INFO: Table tc_notifications created
2026-04-02 16:28:48  INFO: Table tc_positions created
2026-04-02 16:28:48  INFO: Table tc_servers created
2026-04-02 16:28:48  INFO: Table tc_statistics created
2026-04-02 16:28:48  INFO: Table tc_user_attribute created
2026-04-02 16:28:48  INFO: Table tc_user_calendar created
2026-04-02 16:28:48  INFO: Table tc_user_command created
2026-04-02 16:28:48  INFO: Table tc_user_device created
2026-04-02 16:28:48  INFO: Table tc_user_driver created
2026-04-02 16:28:48  INFO: Table tc_user_geofence created
2026-04-02 16:28:48  INFO: Table tc_user_group created
2026-04-02 16:28:48  INFO: Table tc_user_maintenance created
2026-04-02 16:28:48  INFO: Table tc_user_notification created
2026-04-02 16:28:48  INFO: Table tc_user_user created
2026-04-02 16:28:48  INFO: Table tc_users created
2026-04-02 16:28:48  INFO: Foreign key constraint added to tc_device_command (commandid)
2026-04-02 16:28:48  INFO: Foreign key constraint added to tc_device_command (deviceid)
2026-04-02 16:28:48  INFO: Foreign key constraint added to tc_device_driver (deviceid)
2026-04-02 16:28:48  INFO: Foreign key constraint added to tc_device_driver (driverid)
2026-04-02 16:28:48  INFO: Foreign key constraint added to tc_device_geofence (deviceid)
2026-04-02 16:28:48  INFO: Foreign key constraint added to tc_device_geofence (geofenceid)
2026-04-02 16:28:48  INFO: Foreign key constraint added to tc_device_maintenance (deviceid)
2026-04-02 16:28:48  INFO: Foreign key constraint added to tc_device_maintenance (maintenanceid)
2026-04-02 16:28:48  INFO: Foreign key constraint added to tc_device_notification (deviceid)
2026-04-02 16:28:48  INFO: Foreign key constraint added to tc_device_notification (notificationid)
2026-04-02 16:28:48  INFO: Foreign key constraint added to tc_devices (groupid)
2026-04-02 16:28:48  INFO: Foreign key constraint added to tc_events (deviceid)
2026-04-02 16:28:48  INFO: Foreign key constraint added to tc_geofences (calendarid)
2026-04-02 16:28:48  INFO: Foreign key constraint added to tc_group_attribute (attributeid)
2026-04-02 16:28:48  INFO: Foreign key constraint added to tc_group_attribute (groupid)
2026-04-02 16:28:48  INFO: Foreign key constraint added to tc_group_command (commandid)
2026-04-02 16:28:48  INFO: Foreign key constraint added to tc_group_command (groupid)
2026-04-02 16:28:48  INFO: Foreign key constraint added to tc_group_driver (driverid)
2026-04-02 16:28:48  INFO: Foreign key constraint added to tc_group_driver (groupid)
2026-04-02 16:28:48  INFO: Foreign key constraint added to tc_group_geofence (geofenceid)
2026-04-02 16:28:48  INFO: Foreign key constraint added to tc_group_geofence (groupid)
2026-04-02 16:28:48  INFO: Foreign key constraint added to tc_group_maintenance (groupid)
2026-04-02 16:28:48  INFO: Foreign key constraint added to tc_group_maintenance (maintenanceid)
2026-04-02 16:28:48  INFO: Foreign key constraint added to tc_group_notification (groupid)
2026-04-02 16:28:48  INFO: Foreign key constraint added to tc_group_notification (notificationid)
2026-04-02 16:28:48  INFO: Foreign key constraint added to tc_notifications (calendarid)
2026-04-02 16:28:48  INFO: Foreign key constraint added to tc_positions (deviceid)
2026-04-02 16:28:49  INFO: Foreign key constraint added to tc_user_attribute (attributeid)
2026-04-02 16:28:49  INFO: Foreign key constraint added to tc_user_attribute (userid)
2026-04-02 16:28:49  INFO: Foreign key constraint added to tc_user_calendar (calendarid)
2026-04-02 16:28:49  INFO: Foreign key constraint added to tc_user_calendar (userid)
2026-04-02 16:28:49  INFO: Foreign key constraint added to tc_user_command (commandid)
2026-04-02 16:28:49  INFO: Foreign key constraint added to tc_user_command (userid)
2026-04-02 16:28:49  INFO: Foreign key constraint added to tc_device_attribute (attributeid)
2026-04-02 16:28:49  INFO: Foreign key constraint added to tc_device_attribute (deviceid)
2026-04-02 16:28:49  INFO: Foreign key constraint added to tc_user_device (deviceid)
2026-04-02 16:28:49  INFO: Foreign key constraint added to tc_user_device (userid)
2026-04-02 16:28:49  INFO: Foreign key constraint added to tc_user_driver (driverid)
2026-04-02 16:28:49  INFO: Foreign key constraint added to tc_user_driver (userid)
2026-04-02 16:28:49  INFO: Foreign key constraint added to tc_user_geofence (geofenceid)
2026-04-02 16:28:49  INFO: Foreign key constraint added to tc_user_geofence (userid)
2026-04-02 16:28:49  INFO: Foreign key constraint added to tc_user_group (groupid)
2026-04-02 16:28:49  INFO: Foreign key constraint added to tc_user_group (userid)
2026-04-02 16:28:49  INFO: Foreign key constraint added to tc_user_maintenance (maintenanceid)
2026-04-02 16:28:49  INFO: Foreign key constraint added to tc_user_maintenance (userid)
2026-04-02 16:28:49  INFO: Foreign key constraint added to tc_user_notification (notificationid)
2026-04-02 16:28:49  INFO: Foreign key constraint added to tc_user_notification (userid)
2026-04-02 16:28:49  INFO: Foreign key constraint added to tc_user_user (userid)
2026-04-02 16:28:49  INFO: New row inserted into tc_servers
2026-04-02 16:28:49  INFO: ChangeSet changelog-4.0-clean::changelog-4.0-clean::author ran successfully in 1088ms
2026-04-02 16:28:49  INFO: Foreign key constraint added to tc_groups (groupid)
2026-04-02 16:28:49  INFO: Foreign key constraint added to tc_user_user (manageduserid)
2026-04-02 16:28:49  INFO: ChangeSet changelog-4.0-clean::changelog-4.0-clean-common::author ran successfully in 12ms
2026-04-02 16:28:49  INFO: Marking ChangeSet: "changelog-4.1::changelog-4.1-mssql::author" as ran despite precondition failure due to onFail='MARK_RAN': 
          schema/changelog-master.xml : DBMS Precondition failed: expected mssql, got h2

2026-04-02 16:28:49  INFO: Creating snapshot
2026-04-02 16:28:49  INFO: Index user_device_user_id created
2026-04-02 16:28:49  INFO: Index position_deviceid_fixtime created
2026-04-02 16:28:49  INFO: ChangeSet changelog-4.7::changelog-4.7::author ran successfully in 57ms
2026-04-02 16:28:49  INFO: Index event_deviceid_servertime created
2026-04-02 16:28:49  INFO: ChangeSet changelog-4.9::changelog-4.9::author ran successfully in 9ms
2026-04-02 16:28:49  INFO: Columns protocols(VARCHAR(4096)) added to tc_statistics
2026-04-02 16:28:49  INFO: ChangeSet changelog-4.10::changelog-4.10::author ran successfully in 75ms
2026-04-02 16:28:49  INFO: Columns announcement(VARCHAR(4000)) added to tc_servers
2026-04-02 16:28:49  INFO: ChangeSet changelog-4.11::changelog-4.11::author ran successfully in 22ms
2026-04-02 16:28:49  INFO: Column tc_events.servertime renamed to eventtime
2026-04-02 16:28:49  INFO: ChangeSet changelog-4.13::changelog-4.13::author ran successfully in 25ms
2026-04-02 16:28:49  INFO: Table tc_orders created
2026-04-02 16:28:49  INFO: Table tc_user_order created
2026-04-02 16:28:49  INFO: Foreign key constraint added to tc_user_order (userid)
2026-04-02 16:28:49  INFO: Foreign key constraint added to tc_user_order (orderid)
2026-04-02 16:28:49  INFO: Table tc_group_order created
2026-04-02 16:28:49  INFO: Foreign key constraint added to tc_group_order (groupid)
2026-04-02 16:28:49  INFO: Foreign key constraint added to tc_group_order (orderid)
2026-04-02 16:28:49  INFO: Table tc_device_order created
2026-04-02 16:28:49  INFO: Foreign key constraint added to tc_device_order (deviceid)
2026-04-02 16:28:49  INFO: Foreign key constraint added to tc_device_order (orderid)
2026-04-02 16:28:49  INFO: ChangeSet changelog-4.15::changelog-4.15::author ran successfully in 100ms
2026-04-02 16:28:49  INFO: Columns disablereports(BOOLEAN) added to tc_servers
2026-04-02 16:28:49  INFO: Columns disablereports(BOOLEAN) added to tc_users
2026-04-02 16:28:49  INFO: Column tc_orders.toAddress renamed to toaddresstmp
2026-04-02 16:28:49  INFO: Column tc_orders.fromAddress renamed to fromaddresstmp
2026-04-02 16:28:49  INFO: Column tc_orders.toaddresstmp renamed to toaddress
2026-04-02 16:28:49  INFO: Column tc_orders.fromaddresstmp renamed to fromaddress
2026-04-02 16:28:49  INFO: ChangeSet changelog-5.0::changelog-5.0::author ran successfully in 122ms
2026-04-02 16:28:49  INFO: Index idx_drivers_uniqueid created
2026-04-02 16:28:49  INFO: Index idx_devices_uniqueid created
2026-04-02 16:28:49  INFO: Index idx_users_email created
2026-04-02 16:28:49  INFO: Index idx_users_login created
2026-04-02 16:28:49  INFO: Index idx_users_token created
2026-04-02 16:28:49  INFO: Columns overlayurl(VARCHAR(512)) added to tc_servers
2026-04-02 16:28:49  INFO: ChangeSet changelog-5.1::changelog-5.1::author ran successfully in 25ms
2026-04-02 16:28:49  INFO: Columns status(CHAR(8)) added to tc_devices
2026-04-02 16:28:49  INFO: Columns geofenceids(VARCHAR(128)) added to tc_devices
2026-04-02 16:28:49  INFO: ChangeSet changelog-5.2::changelog-5.2::author ran successfully in 42ms
2026-04-02 16:28:49  INFO: Columns fixedemail(BOOLEAN) added to tc_servers
2026-04-02 16:28:49  INFO: Columns fixedemail(BOOLEAN) added to tc_users
2026-04-02 16:28:49  INFO: Columns expirationtime(TIMESTAMP) added to tc_devices
2026-04-02 16:28:49  INFO: Table tc_keystore created
2026-04-02 16:28:49  INFO: Index idx_users_token dropped from table tc_users
2026-04-02 16:28:49  INFO: Column tc_users.token dropped
2026-04-02 16:28:49  INFO: ChangeSet changelog-5.3::changelog-5.3::author ran successfully in 168ms
2026-04-02 16:28:50  INFO: Columns motionstate(BOOLEAN),motiontime(TIMESTAMP),motiondistance(DOUBLE),overspeedstate(BOOLEAN),overspeedtime(TIMESTAMP),overspeedgeofenceid(INT) added to tc_devices
2026-04-02 16:28:50  INFO: Table tc_commands_queue created
2026-04-02 16:28:50  INFO: Foreign key constraint added to tc_commands_queue (deviceid)
2026-04-02 16:28:50  INFO: Index idx_commands_queue_deviceid created
2026-04-02 16:28:50  INFO: ChangeSet changelog-5.4::changelog-5.4::author ran successfully in 158ms
2026-04-02 16:28:50  INFO: Column tc_commands_queue.description dropped
2026-04-02 16:28:50  INFO: ChangeSet changelog-5.5::changelog-5.5::author ran successfully in 10ms
2026-04-02 16:28:50  INFO: Columns motionstreak(BOOLEAN) added to tc_devices
2026-04-02 16:28:50  INFO: Table tc_reports created
2026-04-02 16:28:50  INFO: Foreign key constraint added to tc_reports (calendarid)
2026-04-02 16:28:50  INFO: Table tc_user_report created
2026-04-02 16:28:50  INFO: Foreign key constraint added to tc_user_report (userid)
2026-04-02 16:28:50  INFO: Foreign key constraint added to tc_user_report (reportid)
2026-04-02 16:28:50  INFO: Table tc_group_report created
2026-04-02 16:28:50  INFO: Foreign key constraint added to tc_group_report (groupid)
2026-04-02 16:28:50  INFO: Foreign key constraint added to tc_group_report (reportid)
2026-04-02 16:28:50  INFO: Table tc_device_report created
2026-04-02 16:28:50  INFO: Foreign key constraint added to tc_device_report (deviceid)
2026-04-02 16:28:50  INFO: Foreign key constraint added to tc_device_report (reportid)
2026-04-02 16:28:50  INFO: ChangeSet changelog-5.6::changelog-5.6::author ran successfully in 122ms
2026-04-02 16:28:50  INFO: Columns commandid(INT) added to tc_notifications
2026-04-02 16:28:50  INFO: Foreign key constraint added to tc_notifications (commandid)
2026-04-02 16:28:50  INFO: ChangeSet changelog-5.7::changelog-5.7::author ran successfully in 13ms
2026-04-02 16:28:50  INFO: Column tc_devices.geofenceids dropped
2026-04-02 16:28:50  INFO: Columns geofenceids(VARCHAR(128)) added to tc_positions
2026-04-02 16:28:50  INFO: ChangeSet changelog-5.8::changelog-5.8::author ran successfully in 31ms
2026-04-02 16:28:50  INFO: Columns calendarid(INT) added to tc_devices
2026-04-02 16:28:50  INFO: Foreign key constraint added to tc_devices (calendarid)
2026-04-02 16:28:50  INFO: ChangeSet changelog-5.9::changelog-5.9::author ran successfully in 45ms
2026-04-02 16:28:50  INFO: Columns totpkey(VARCHAR(64)) added to tc_users
2026-04-02 16:28:50  INFO: ChangeSet changelog-5.10::changelog-5.10::author ran successfully in 12ms
2026-04-02 16:28:50  INFO: Columns temporary(BOOLEAN) added to tc_users
2026-04-02 16:28:50  INFO: ChangeSet changelog-5.11::changelog-5.11::author ran successfully in 11ms
2026-04-02 16:28:50  INFO: Column tc_servers.twelvehourformat dropped
2026-04-02 16:28:50  INFO: Column tc_users.twelvehourformat dropped
2026-04-02 16:28:50  INFO: Columns priority(INT) added to tc_attributes
2026-04-02 16:28:50  INFO: ChangeSet changelog-6.2::changelog-6.2::author ran successfully in 35ms
2026-04-02 16:28:50  INFO: Creating snapshot
2026-04-02 16:28:50  INFO: Marking ChangeSet: "changelog-6.3::changelog-6.3-old::author" as ran despite precondition failure due to onFail='MARK_RAN': 
          schema/changelog-master.xml : Foreign Key PUBLIC.fk_event_deviceid does not exist

2026-04-02 16:28:50  INFO: Foreign key fk_events_deviceid dropped
2026-04-02 16:28:50  INFO: Foreign key fk_positions_deviceid dropped
2026-04-02 16:28:50  INFO: ChangeSet changelog-6.3::changelog-6.3-new::author ran successfully in 17ms
2026-04-02 16:28:50  INFO: Columns description(VARCHAR(4000)) added to tc_notifications
2026-04-02 16:28:50  INFO: ChangeSet changelog-6.6::changelog-6.6::author ran successfully in 11ms
2026-04-02 16:28:50  INFO: Creating snapshot
2026-04-02 16:28:50  INFO: Table tc_actions created
2026-04-02 16:28:50  INFO: ChangeSet changelog-6.7.0::changelog-6.7.0::author ran successfully in 95ms
2026-04-02 16:28:50  INFO: Marking ChangeSet: "changelog-6.8.0::changelog-6.8.0-timescale::author" as ran despite precondition failure due to onFail='MARK_RAN': 
          schema/changelog-master.xml : DBMS Precondition failed: expected postgresql, got h2

2026-04-02 16:28:50  INFO: Columns motionpositionid(INT) added to tc_devices
2026-04-02 16:28:50  INFO: ChangeSet changelog-6.9.0::changelog-6.9.0::author ran successfully in 20ms
2026-04-02 16:28:50  INFO: Marking ChangeSet: "changelog-6.11.0::changelog-6.11.0-timescale::author" as ran despite precondition failure due to onFail='MARK_RAN': 
          schema/changelog-master.xml : DBMS Precondition failed: expected postgresql, got h2

2026-04-02 16:28:50  INFO: Marking ChangeSet: "changelog-6.11.0::changelog-6.11.0-other::author" as ran despite precondition failure due to onFail='MARK_RAN': 
          schema/changelog-master.xml : Not precondition failed

2026-04-02 16:28:50  INFO: Table tc_revoked_tokens created
2026-04-02 16:28:50  INFO: ChangeSet changelog-6.11.0::changelog-6.11.0::author ran successfully in 3ms
2026-04-02 16:28:50  INFO: UPDATE SUMMARY
2026-04-02 16:28:50  INFO: Run:                         31
2026-04-02 16:28:50  INFO: Previously run:               0
2026-04-02 16:28:50  INFO: Filtered out:                 0
2026-04-02 16:28:50  INFO: -------------------------------
2026-04-02 16:28:50  INFO: Total change sets:           31
2026-04-02 16:28:50  INFO: Update summary generated
2026-04-02 16:28:50  INFO: Update command completed successfully.
2026-04-02 16:28:50  INFO: Successfully released change log lock
2026-04-02 16:28:50  INFO: Command execution complete
2026-04-02 16:28:54  INFO: jetty-12.1.6; built: 2026-01-27T18:53:19.182Z; git: 88ca559572b1c8858b3c5684bb0293fa64e5e90f; jvm 21.0.10+7-LTS
2026-04-02 16:28:54  INFO: Session workerName=node0
2026-04-02 16:28:54  INFO: Started oeje10s.ServletContextHandler@2a531637{ROOT,/,b=file:///opt/traccar/web/,a=AVAILABLE,h=oeje10s.SessionHandler@539ee811{STARTED}}
2026-04-02 16:28:57  INFO: Started oeje10s.ServletContextHandler@2a531637{ROOT,/,b=file:///opt/traccar/web/,a=AVAILABLE,h=oeje10s.SessionHandler@539ee811{STARTED}}
2026-04-02 16:28:57  INFO: Started oejs.ServerConnector@219db855{HTTP/1.1, (http/1.1)}{0.0.0.0:8082}
2026-04-02 16:28:57  INFO: Started oejs.Server@3702d0ed{STARTING}[12.1.6,sto=0] @2830ms
2026-04-02 16:45:33  INFO: Operating system name: Linux version: 6.6.87.2-microsoft-standard-WSL2 architecture: amd64
2026-04-02 16:45:33  INFO: Java runtime name: OpenJDK 64-Bit Server VM vendor: Eclipse Adoptium version: 21.0.10+7-LTS
2026-04-02 16:45:33  INFO: Memory limit heap: 964mb non-heap: 0mb
2026-04-02 16:45:33  INFO: Character encoding: UTF-8
2026-04-02 16:45:33  INFO: Version: 6.12.2
2026-04-02 16:45:33  INFO: Starting server...
2026-04-02 16:45:34  INFO: HikariPool-1 - Starting...
2026-04-02 16:45:35  INFO: HikariPool-1 - Added connection conn0: url=jdbc:h2:./data/database user=SA
2026-04-02 16:45:35  INFO: HikariPool-1 - Start completed.
2026-04-02 16:45:35  INFO: Set default schema name to PUBLIC
2026-04-02 16:45:35  INFO: Successfully acquired change log lock
2026-04-02 16:45:36  INFO: Clearing database change log checksums for database h2
2026-04-02 16:45:36  INFO: Successfully released change log lock
2026-04-02 16:45:36  INFO: Command execution complete
2026-04-02 16:45:37  INFO: Reading from PUBLIC.DATABASECHANGELOG
2026-04-02 16:45:38  INFO: Reading from PUBLIC.DATABASECHANGELOG
2026-04-02 16:45:38  INFO: Reading from PUBLIC.DATABASECHANGELOG
2026-04-02 16:45:38  INFO: UPDATE SUMMARY
2026-04-02 16:45:38  INFO: Run:                          0
2026-04-02 16:45:38  INFO: Previously run:              31
2026-04-02 16:45:38  INFO: Filtered out:                 0
2026-04-02 16:45:38  INFO: -------------------------------
2026-04-02 16:45:38  INFO: Total change sets:           31
2026-04-02 16:45:38  INFO: Update summary generated
2026-04-02 16:45:38  INFO: Command execution complete
2026-04-02 16:45:42  INFO: jetty-12.1.6; built: 2026-01-27T18:53:19.182Z; git: 88ca559572b1c8858b3c5684bb0293fa64e5e90f; jvm 21.0.10+7-LTS
2026-04-02 16:45:42  INFO: Session workerName=node0
2026-04-02 16:45:42  INFO: Started oeje10s.ServletContextHandler@6f4d2294{ROOT,/,b=file:///opt/traccar/web/,a=AVAILABLE,h=oeje10s.SessionHandler@22361e23{STARTED}}
2026-04-02 16:45:44  INFO: Started oeje10s.ServletContextHandler@6f4d2294{ROOT,/,b=file:///opt/traccar/web/,a=AVAILABLE,h=oeje10s.SessionHandler@22361e23{STARTED}}
2026-04-02 16:45:44  INFO: Started oejs.ServerConnector@2dc446c1{HTTP/1.1, (http/1.1)}{0.0.0.0:8082}
2026-04-02 16:45:44  INFO: Started oejs.Server@19f99aaf{STARTING}[12.1.6,sto=0] @1653ms
2026-04-02 16:58:49  INFO: Operating system name: Linux version: 6.6.87.2-microsoft-standard-WSL2 architecture: amd64
2026-04-02 16:58:49  INFO: Java runtime name: OpenJDK 64-Bit Server VM vendor: Eclipse Adoptium version: 21.0.10+7-LTS
2026-04-02 16:58:49  INFO: Memory limit heap: 964mb non-heap: 0mb
2026-04-02 16:58:49  INFO: Character encoding: UTF-8
2026-04-02 16:58:49  INFO: Version: 6.12.2
2026-04-02 16:58:49  INFO: Starting server...
2026-04-02 16:58:50  INFO: HikariPool-1 - Starting...
2026-04-02 16:58:51  INFO: HikariPool-1 - Added connection conn0: url=jdbc:h2:./data/database user=SA
2026-04-02 16:58:51  INFO: HikariPool-1 - Start completed.
2026-04-02 16:58:51  INFO: Set default schema name to PUBLIC
2026-04-02 16:58:52  INFO: Successfully acquired change log lock
2026-04-02 16:58:52  INFO: Clearing database change log checksums for database h2
2026-04-02 16:58:52  INFO: Successfully released change log lock
2026-04-02 16:58:52  INFO: Command execution complete
2026-04-02 16:58:53  INFO: Reading from PUBLIC.DATABASECHANGELOG
2026-04-02 16:58:54  INFO: Reading from PUBLIC.DATABASECHANGELOG
2026-04-02 16:58:54  INFO: Reading from PUBLIC.DATABASECHANGELOG
2026-04-02 16:58:54  INFO: UPDATE SUMMARY
2026-04-02 16:58:54  INFO: Run:                          0
2026-04-02 16:58:54  INFO: Previously run:              31
2026-04-02 16:58:54  INFO: Filtered out:                 0
2026-04-02 16:58:54  INFO: -------------------------------
2026-04-02 16:58:54  INFO: Total change sets:           31
2026-04-02 16:58:54  INFO: Update summary generated
2026-04-02 16:58:54  INFO: Command execution complete
2026-04-02 16:58:57  INFO: jetty-12.1.6; built: 2026-01-27T18:53:19.182Z; git: 88ca559572b1c8858b3c5684bb0293fa64e5e90f; jvm 21.0.10+7-LTS
2026-04-02 16:58:57  INFO: Session workerName=node0
2026-04-02 16:58:57  INFO: Started oeje10s.ServletContextHandler@32a4ea4e{ROOT,/,b=file:///opt/traccar/web/,a=AVAILABLE,h=oeje10s.SessionHandler@347b370c{STARTED}}
2026-04-02 16:58:59  INFO: Started oeje10s.ServletContextHandler@32a4ea4e{ROOT,/,b=file:///opt/traccar/web/,a=AVAILABLE,h=oeje10s.SessionHandler@347b370c{STARTED}}
2026-04-02 16:58:59  INFO: Started oejs.ServerConnector@143fe09c{HTTP/1.1, (http/1.1)}{0.0.0.0:8082}
2026-04-02 16:58:59  INFO: Started oejs.Server@41463c56{STARTING}[12.1.6,sto=0] @1865ms
2026-04-02 17:01:13  INFO: Operating system name: Linux version: 6.6.87.2-microsoft-standard-WSL2 architecture: amd64
2026-04-02 17:01:13  INFO: Java runtime name: OpenJDK 64-Bit Server VM vendor: Eclipse Adoptium version: 21.0.10+7-LTS
2026-04-02 17:01:13  INFO: Memory limit heap: 964mb non-heap: 0mb
2026-04-02 17:01:13  INFO: Character encoding: UTF-8
2026-04-02 17:01:13  INFO: Version: 6.12.2
2026-04-02 17:01:13  INFO: Starting server...
2026-04-02 17:01:14  INFO: HikariPool-1 - Starting...
2026-04-02 17:01:16  INFO: HikariPool-1 - Added connection conn0: url=jdbc:h2:./data/database user=SA
2026-04-02 17:01:16  INFO: HikariPool-1 - Start completed.
2026-04-02 17:01:16  INFO: Set default schema name to PUBLIC
2026-04-02 17:01:17  INFO: Successfully acquired change log lock
2026-04-02 17:01:17  INFO: Clearing database change log checksums for database h2
2026-04-02 17:01:17  INFO: Successfully released change log lock
2026-04-02 17:01:17  INFO: Command execution complete
2026-04-02 17:01:18  INFO: Reading from PUBLIC.DATABASECHANGELOG
2026-04-02 17:01:20  INFO: Reading from PUBLIC.DATABASECHANGELOG
2026-04-02 17:01:20  INFO: Reading from PUBLIC.DATABASECHANGELOG
2026-04-02 17:01:20  INFO: UPDATE SUMMARY
2026-04-02 17:01:20  INFO: Run:                          0
2026-04-02 17:01:20  INFO: Previously run:              31
2026-04-02 17:01:20  INFO: Filtered out:                 0
2026-04-02 17:01:20  INFO: -------------------------------
2026-04-02 17:01:20  INFO: Total change sets:           31
2026-04-02 17:01:20  INFO: Update summary generated
2026-04-02 17:01:20  INFO: Command execution complete
2026-04-02 17:01:26  INFO: jetty-12.1.6; built: 2026-01-27T18:53:19.182Z; git: 88ca559572b1c8858b3c5684bb0293fa64e5e90f; jvm 21.0.10+7-LTS
2026-04-02 17:01:26  INFO: Session workerName=node0
2026-04-02 17:01:26  INFO: Started oeje10s.ServletContextHandler@32a4ea4e{ROOT,/,b=file:///opt/traccar/web/,a=AVAILABLE,h=oeje10s.SessionHandler@347b370c{STARTED}}
2026-04-02 17:01:28  INFO: Started oeje10s.ServletContextHandler@32a4ea4e{ROOT,/,b=file:///opt/traccar/web/,a=AVAILABLE,h=oeje10s.SessionHandler@347b370c{STARTED}}
2026-04-02 17:01:28  INFO: Started oejs.ServerConnector@2dc446c1{HTTP/1.1, (http/1.1)}{0.0.0.0:8082}
2026-04-02 17:01:28  INFO: Started oejs.Server@143fe09c{STARTING}[12.1.6,sto=0] @1868ms
2026-04-02 17:46:24  INFO: Operating system name: Linux version: 6.6.87.2-microsoft-standard-WSL2 architecture: amd64
2026-04-02 17:46:24  INFO: Java runtime name: OpenJDK 64-Bit Server VM vendor: Eclipse Adoptium version: 21.0.10+7-LTS
2026-04-02 17:46:24  INFO: Memory limit heap: 964mb non-heap: 0mb
2026-04-02 17:46:24  INFO: Character encoding: UTF-8
2026-04-02 17:46:24  INFO: Version: 6.12.2
2026-04-02 17:46:24  INFO: Starting server...
2026-04-02 17:46:25  INFO: HikariPool-1 - Starting...
2026-04-02 17:46:26  INFO: HikariPool-1 - Added connection conn0: url=jdbc:h2:./data/database user=SA
2026-04-02 17:46:26  INFO: HikariPool-1 - Start completed.
2026-04-02 17:46:26  INFO: Set default schema name to PUBLIC
2026-04-02 17:46:27  INFO: Successfully acquired change log lock
2026-04-02 17:46:27  INFO: Clearing database change log checksums for database h2
2026-04-02 17:46:27  INFO: Successfully released change log lock
2026-04-02 17:46:27  INFO: Command execution complete
2026-04-02 17:46:28  INFO: Reading from PUBLIC.DATABASECHANGELOG
2026-04-02 17:46:29  INFO: Reading from PUBLIC.DATABASECHANGELOG
2026-04-02 17:46:29  INFO: Reading from PUBLIC.DATABASECHANGELOG
2026-04-02 17:46:29  INFO: UPDATE SUMMARY
2026-04-02 17:46:29  INFO: Run:                          0
2026-04-02 17:46:29  INFO: Previously run:              31
2026-04-02 17:46:29  INFO: Filtered out:                 0
2026-04-02 17:46:29  INFO: -------------------------------
2026-04-02 17:46:29  INFO: Total change sets:           31
2026-04-02 17:46:29  INFO: Update summary generated
2026-04-02 17:46:29  INFO: Command execution complete
2026-04-02 17:46:33  INFO: jetty-12.1.6; built: 2026-01-27T18:53:19.182Z; git: 88ca559572b1c8858b3c5684bb0293fa64e5e90f; jvm 21.0.10+7-LTS
2026-04-02 17:46:34  INFO: Session workerName=node0
2026-04-02 17:46:34  INFO: Started oeje10s.ServletContextHandler@32a4ea4e{ROOT,/,b=file:///opt/traccar/web/,a=AVAILABLE,h=oeje10s.SessionHandler@347b370c{STARTED}}
2026-04-02 17:46:35  INFO: Started oeje10s.ServletContextHandler@32a4ea4e{ROOT,/,b=file:///opt/traccar/web/,a=AVAILABLE,h=oeje10s.SessionHandler@347b370c{STARTED}}
2026-04-02 17:46:35  INFO: Started oejs.ServerConnector@2dc446c1{HTTP/1.1, (http/1.1)}{0.0.0.0:8082}
2026-04-02 17:46:35  INFO: Started oejs.Server@143fe09c{STARTING}[12.1.6,sto=0] @2102ms
2026-04-02 17:50:05  INFO: Stopping server...
2026-04-02 17:51:03  INFO: Operating system name: Linux version: 6.6.87.2-microsoft-standard-WSL2 architecture: amd64
2026-04-02 17:51:03  INFO: Java runtime name: OpenJDK 64-Bit Server VM vendor: Eclipse Adoptium version: 21.0.10+7-LTS
2026-04-02 17:51:03  INFO: Memory limit heap: 964mb non-heap: 0mb
2026-04-02 17:51:03  INFO: Character encoding: UTF-8
2026-04-02 17:51:03  INFO: Version: 6.12.2
2026-04-02 17:51:03  INFO: Starting server...
2026-04-02 17:51:04  INFO: HikariPool-1 - Starting...
2026-04-02 17:51:06 ERROR: Main method error - Wrong user name or password [28000-240] - JdbcSQLInvalidAuthorizationSpecException (... < DatabaseModule:80 < <gener:-1 < *:-1 < ... < MainModule:140 < <gener:-1 < ...)
2026-04-02 17:51:58  INFO: Operating system name: Linux version: 6.6.87.2-microsoft-standard-WSL2 architecture: amd64
2026-04-02 17:51:58  INFO: Java runtime name: OpenJDK 64-Bit Server VM vendor: Eclipse Adoptium version: 21.0.10+7-LTS
2026-04-02 17:51:58  INFO: Memory limit heap: 964mb non-heap: 0mb
2026-04-02 17:51:58  INFO: Character encoding: UTF-8
2026-04-02 17:51:58  INFO: Version: 6.12.2
2026-04-02 17:51:58  INFO: Starting server...
2026-04-02 17:51:59  INFO: HikariPool-1 - Starting...
2026-04-02 17:52:01 ERROR: Main method error - Wrong user name or password [28000-240] - JdbcSQLInvalidAuthorizationSpecException (... < DatabaseModule:80 < <gener:-1 < *:-1 < ... < MainModule:140 < <gener:-1 < ...)
2026-04-02 17:52:59  INFO: Operating system name: Linux version: 6.6.87.2-microsoft-standard-WSL2 architecture: amd64
2026-04-02 17:52:59  INFO: Java runtime name: OpenJDK 64-Bit Server VM vendor: Eclipse Adoptium version: 21.0.10+7-LTS
2026-04-02 17:52:59  INFO: Memory limit heap: 964mb non-heap: 0mb
2026-04-02 17:52:59  INFO: Character encoding: UTF-8
2026-04-02 17:52:59  INFO: Version: 6.12.2
2026-04-02 17:52:59  INFO: Starting server...
2026-04-02 17:53:00  INFO: HikariPool-1 - Starting...
2026-04-02 17:53:04 ERROR: Main method error - Wrong user name or password [28000-240] - JdbcSQLInvalidAuthorizationSpecException (... < DatabaseModule:80 < <gener:-1 < *:-1 < ... < MainModule:140 < <gener:-1 < ...)
2026-04-02 17:54:00  INFO: Operating system name: Linux version: 6.6.87.2-microsoft-standard-WSL2 architecture: amd64
2026-04-02 17:54:00  INFO: Java runtime name: OpenJDK 64-Bit Server VM vendor: Eclipse Adoptium version: 21.0.10+7-LTS
2026-04-02 17:54:00  INFO: Memory limit heap: 964mb non-heap: 0mb
2026-04-02 17:54:00  INFO: Character encoding: UTF-8
2026-04-02 17:54:00  INFO: Version: 6.12.2
2026-04-02 17:54:00  INFO: Starting server...
2026-04-02 17:54:01  INFO: HikariPool-1 - Starting...
2026-04-02 17:54:04 ERROR: Main method error - Wrong user name or password [28000-240] - JdbcSQLInvalidAuthorizationSpecException (... < DatabaseModule:80 < <gener:-1 < *:-1 < ... < MainModule:140 < <gener:-1 < ...)
